INFO: seeding the RNG with -863840939
INFO: Initializing backend 
INFO: Simulation type: MD
INFO: CUDA backend precision: mixed
INFO: The generator will try to take into account bonded interactions by choosing distances between bonded neighbours no larger than 2.000000
INFO: Using a maximum backbone force of 5  (the corresponding mbf_xmax is 0.120156) and a far value of 10
INFO: Temperature change detected (new temperature: 26.85 C, 300.00 K), re-initialising the DNA interaction
INFO: CUDA device not specified
INFO: CUDA sort_every not specified, using 0
INFO: The generator will try to take into account bonded interactions by choosing distances between bonded neighbours no larger than 2.000000
INFO: Using a maximum backbone force of 5  (the corresponding mbf_xmax is 0.120156) and a far value of 10
INFO: pid: 3634885
INFO: (Cells.cpp) N_cells_side: 589, 589, 589; rcut=1.98377, IS_MC: 0
INFO: N: 2000, N molecules: 2
INFO: Using randomly distributed velocities
INFO: Initial kinetic energy: 595.906990
INFO: Choosing device automatically
INFO: Computer has 1 device
INFO:  - Trying device 0
INFO:  -- device 0 has properties 8.6
INFO:  -- using device 0
INFO:  --- Running on device 0
INFO: threads_per_block was not specified or set to 0. The default value (64) will be used
CUDA error at /gpfs/bwfor/work/ws/hd_ik278-iGEM_DryLab/dna_modelling/oxDNA/src/CUDA/Lists/CUDASimpleVerletList.cu 147: out of memory
